[18:22:30] [main/INFO] [LaunchWrapper]: Loading tweak class name net.minecraftforge.fml.common.launcher.FMLServerTweaker
[18:22:30] [main/INFO] [LaunchWrapper]: Using primary tweak class name net.minecraftforge.fml.common.launcher.FMLServerTweaker
[18:22:30] [main/INFO] [LaunchWrapper]: Calling tweak class net.minecraftforge.fml.common.launcher.FMLServerTweaker
[18:22:30] [main/INFO] [FML]: Forge Mod Loader version 14.23.5.2860 for Minecraft 1.12.2 loading
[18:22:30] [main/INFO] [FML]: Java is OpenJDK 64-Bit Server VM, version 1.8.0_432, running on Linux:amd64:6.5.0-1025-azure, installed at /usr/lib/jvm/java-8-openjdk-amd64/jre
[18:22:30] [main/INFO] [FML]: Searching /workspaces/vigilant-tribble/servidor_minecraft/./mods for mods
[18:22:30] [main/WARN] [FML]: Found FMLCorePluginContainsFMLMod marker in CTM-MC1.12.2-1.0.2.31.jar. This is not recommended, @Mods should be in a separate jar from the coremod.
[18:22:30] [main/WARN] [FML]: The coremod team.chisel.ctm.client.asm.CTMCorePlugin does not have a MCVersion annotation, it may cause issues with this version of Minecraft
[18:22:30] [main/WARN] [FML]: The coremod CTMCorePlugin (team.chisel.ctm.client.asm.CTMCorePlugin) is not signed!
[18:22:30] [main/INFO] [LaunchWrapper]: Loading tweak class name net.minecraftforge.fml.common.launcher.FMLInjectionAndSortingTweaker
[18:22:30] [main/INFO] [LaunchWrapper]: Loading tweak class name net.minecraftforge.fml.common.launcher.FMLDeobfTweaker
[18:22:30] [main/INFO] [LaunchWrapper]: Calling tweak class net.minecraftforge.fml.common.launcher.FMLInjectionAndSortingTweaker
[18:22:30] [main/INFO] [LaunchWrapper]: Calling tweak class net.minecraftforge.fml.common.launcher.FMLInjectionAndSortingTweaker
[18:22:30] [main/INFO] [LaunchWrapper]: Calling tweak class net.minecraftforge.fml.relauncher.CoreModManager$FMLPluginWrapper
[18:22:31] [main/INFO] [FML]: Found valid fingerprint for Minecraft Forge. Certificate fingerprint e3c3d50c7c986df74c645c0ac54639741c90a557
[18:22:31] [main/INFO] [LaunchWrapper]: Calling tweak class net.minecraftforge.fml.relauncher.CoreModManager$FMLPluginWrapper
[18:22:31] [main/INFO] [LaunchWrapper]: Calling tweak class net.minecraftforge.fml.common.launcher.FMLDeobfTweaker
[18:22:31] [main/INFO] [LaunchWrapper]: Calling tweak class net.minecraftforge.fml.relauncher.CoreModManager$FMLPluginWrapper
[18:22:31] [main/INFO] [LaunchWrapper]: Loading tweak class name net.minecraftforge.fml.common.launcher.TerminalTweaker
[18:22:31] [main/INFO] [LaunchWrapper]: Calling tweak class net.minecraftforge.fml.common.launcher.TerminalTweaker
[18:22:32] [main/INFO] [LaunchWrapper]: Launching wrapped minecraft {net.minecraft.server.MinecraftServer}
[18:22:32] [main/INFO] [STDOUT]: [team.chisel.ctm.client.asm.CTMTransformer:preTransform:230]: Transforming Class [net.minecraft.block.Block], Method [getExtendedState]
[18:22:32] [main/INFO] [STDOUT]: [team.chisel.ctm.client.asm.CTMTransformer:finishTransform:242]: Transforming net.minecraft.block.Block Finished.
[18:22:34] [Server thread/INFO] [net.minecraft.server.dedicated.DedicatedServer]: Starting minecraft server version 1.12.2
[18:22:34] [Server thread/INFO] [FML]: MinecraftForge v14.23.5.2860 Initialized
[18:22:34] [Server thread/INFO] [FML]: Starts to replace vanilla recipe ingredients with ore ingredients.
[18:22:34] [Server thread/INFO] [FML]: Invalid recipe found with multiple oredict ingredients in the same ingredient...
[18:22:34] [Server thread/INFO] [FML]: Replaced 1227 ore ingredients
[18:22:35] [Server thread/INFO] [FML]: Searching /workspaces/vigilant-tribble/servidor_minecraft/./mods for mods
[18:22:35] [Server thread/INFO] [FML]: Disabling mod ctm it is client side only.
[18:22:35] [Server thread/WARN] [FML]: Mod falling_tree is missing the required element 'version' and a version.properties file could not be found. Falling back to metadata version 2.4.0
[18:22:35] [Server thread/INFO] [FML]: Disabling mod jeiintegration it is client side only.
[18:22:36] [Server thread/INFO] [FML]: Forge Mod Loader has identified 17 mods to load
[18:22:36] [Server thread/WARN] [FML]: Missing English translation for FML: assets/fml/lang/en_us.lang
[18:22:36] [Server thread/WARN] [FML]: Missing English translation for falling_tree: assets/falling_tree/lang/en_us.lang
[18:22:36] [Server thread/FATAL] [FML]: net.minecraftforge.fml.common.MissingModsException: Mod artifacts (Artifacts) requires [baubles]
[18:22:36] [Server thread/ERROR] [net.minecraft.server.MinecraftServer]: Encountered an unexpected exception
net.minecraftforge.fml.common.MissingModsException: Mod artifacts (Artifacts) requires [baubles]
	at net.minecraftforge.fml.common.Loader.sortModList(Loader.java:266) ~[Loader.class:?]
	at net.minecraftforge.fml.common.Loader.loadMods(Loader.java:572) ~[Loader.class:?]
	at net.minecraftforge.fml.server.FMLServerHandler.beginServerLoading(FMLServerHandler.java:98) ~[FMLServerHandler.class:?]
	at net.minecraftforge.fml.common.FMLCommonHandler.onServerStart(FMLCommonHandler.java:333) ~[FMLCommonHandler.class:?]
	at net.minecraft.server.dedicated.DedicatedServer.func_71197_b(DedicatedServer.java:125) ~[nz.class:?]
	at net.minecraft.server.MinecraftServer.run(MinecraftServer.java:486) [MinecraftServer.class:?]
	at java.lang.Thread.run(Thread.java:750) [?:1.8.0_432]
[18:22:36] [Server thread/ERROR] [net.minecraft.server.MinecraftServer]: This crash report has been saved to: /workspaces/vigilant-tribble/servidor_minecraft/./crash-reports/crash-2025-01-23_18.22.36-server.txt
[18:22:36] [Server thread/INFO] [net.minecraft.server.MinecraftServer]: Stopping server
[18:22:36] [Server thread/INFO] [net.minecraft.server.MinecraftServer]: Saving worlds
[18:22:36] [Server thread/INFO] [FML]: The state engine was in incorrect state CONSTRUCTING and forced into state SERVER_STOPPED. Errors may have been discarded.
[18:22:36] [Server Shutdown Thread/INFO] [net.minecraft.server.MinecraftServer]: Stopping server
[18:22:36] [Server Shutdown Thread/INFO] [net.minecraft.server.MinecraftServer]: Saving worlds
